<testsuites id="" name="" tests="1" failures="0" skipped="0" errors="0" time="52.406161">
<testsuite name="spaiden\BannerStudentIntegrated.spec.ts" timestamp="2025-03-24T15:32:41.238Z" hostname="chromium" tests="1" failures="0" skipped="0" time="24.639" errors="0">
<testcase name="pom login" classname="spaiden\BannerStudentIntegrated.spec.ts" time="24.639">
<system-out>
<![CDATA[Sign in to your account
Application Navigator
A00015100
After go button clicked
Application Navigator
[1mnull[22m
AGNT
inp:spridenFirstName_0
Fname
inp:goremalEmalCode_0
PERM
inp:goremalEmailAddress_0
mandarapu1@gmail.com
inp:spremrgFirstName_0
NieceFirstName
inp:spremrgLastName_0
NieceLastName

[[ATTACHMENT|test-results\spaiden-BannerStudentIntegrated-pom-login-chromium\test-finished-1.png]]

[[ATTACHMENT|test-results\spaiden-BannerStudentIntegrated-pom-login-chromium\test-finished-2.png]]

[[ATTACHMENT|test-results\spaiden-BannerStudentIntegrated-pom-login-chromium\test-finished-3.png]]

[[ATTACHMENT|test-results\spaiden-BannerStudentIntegrated-pom-login-chromium\test-finished-4.png]]

[[ATTACHMENT|test-results\spaiden-BannerStudentIntegrated-pom-login-chromium\test-finished-5.png]]

[[ATTACHMENT|test-results\spaiden-BannerStudentIntegrated-pom-login-chromium\trace.zip]]
]]>
</system-out>
</testcase>
</testsuite>
</testsuites>